<?xml version="1.0" encoding="UTF-8"?>
<!-- Generated by org.testng.reporters.JUnitReportReporter -->
<testsuite hostname="LAPTOP-GJ1MSIMK" failures="0" tests="2" name="Shail_Automation_testNG.Practice_testNG" time="0.012" errors="0" timestamp="2024-08-27T00:51:15 IST" skipped="0">
  <testcase classname="Shail_Automation_testNG.Practice_testNG" name="display" time="0.010"/>
  <system-out/>
  <testcase classname="Shail_Automation_testNG.Practice_testNG" name="show" time="0.002"/>
  <system-out/>
</testsuite> <!-- Shail_Automation_testNG.Practice_testNG -->
