<?xml version="1.0" encoding="UTF-8"?>
<!-- Generated by org.testng.reporters.JUnitReportReporter -->
<testsuite hostname="LAPTOP-GJ1MSIMK" failures="0" tests="1" name="Shail_Automation.Selenium" time="0.001" errors="0" timestamp="2024-08-27T00:51:15 IST" skipped="0">
  <testcase classname="Shail_Automation.Selenium" name="display" time="0.001"/>
  <system-out/>
</testsuite> <!-- Shail_Automation.Selenium -->
