<?xml version="1.0" encoding="UTF-8"?>
<!-- Generated by org.testng.reporters.JUnitReportReporter -->
<testsuite hostname="LAPTOP-GJ1MSIMK" failures="0" tests="1" name="Shail_Automation_testNG.Practice_testNG$Selenium" time="0.009" errors="0" timestamp="2024-08-27T00:30:58 IST" skipped="0">
  <testcase classname="Shail_Automation_testNG.Practice_testNG$Selenium" name="display" time="0.009"/>
  <system-out/>
</testsuite> <!-- Shail_Automation_testNG.Practice_testNG$Selenium -->
